[2024-08-24T04:58:54.396602+03:00] php_fatal_errors.ERROR:
Message: Fatal error: Uncaught DI\NotFoundException: No entry or class found for 'Swoole\Database\PDOPool' in /var/www/wwallet/vendor/php-di/php-di/src/Container.php:136
Stack trace:
#0 /var/www/wwallet/vendor/php-di/php-di/src/Definition/Reference.php(53): DI\Container->get()
#1 /var/www/wwallet/vendor/php-di/php-di/src/Definition/Resolver/ResolverDispatcher.php(66): DI\Definition\Reference->resolve()
#2 /var/www/wwallet/vendor/php-di/php-di/src/Definition/Resolver/ParameterResolver.php(78): DI\Definition\Resolver\ResolverDispatcher->resolve()
#3 /var/www/wwallet/vendor/php-di/php-di/src/Definition/Resolver/ObjectCreator.php(138): DI\Definition\Resolver\ParameterResolver->resolveParameters()
#4 /var/www/wwallet/vendor/php-di/php-di/src/Definition/Resolver/ObjectCreator.php(71): DI\Definition\Resolver\ObjectCreator->createInstance()
#5 /var/www/wwallet/vendor/php-di/php-di/src/Definition/Resolver/ResolverDispatcher.php(71): DI\Definition\Resolver\ObjectCreator->resolve()
#6 /var/www/wwallet/vendor/php-di/php-di/src/Container.php(390): DI\Definition\Resolver\ResolverDispatcher->resolve()
#7 /var/www/wwallet/vendor/php-di/php-di/src/Container.php(139): DI\Container->resolveDefinition()
#8 /var/www/wwallet/vendor/slim/slim/Slim/CallableResolver.php(135): DI\Container->get()
#9 /var/www/wwallet/vendor/slim/slim/Slim/CallableResolver.php(97): Slim\CallableResolver->resolveSlimNotation()
#10 /var/www/wwallet/vendor/slim/slim/Slim/CallableResolver.php(70): Slim\CallableResolver->resolveByPredicate()
#11 /var/www/wwallet/vendor/slim/slim/Slim/Routing/Route.php(345): Slim\CallableResolver->resolveRoute()
#12 /var/www/wwallet/vendor/slim/slim/Slim/MiddlewareDispatcher.php(73): Slim\Routing\Route->handle()
#13 /var/www/wwallet/vendor/slim/slim/Slim/MiddlewareDispatcher.php(73): Slim\MiddlewareDispatcher->handle()
#14 /var/www/wwallet/vendor/slim/slim/Slim/Routing/Route.php(321): Slim\MiddlewareDispatcher->handle()
#15 /var/www/wwallet/vendor/slim/slim/Slim/Routing/RouteRunner.php(74): Slim\Routing\Route->run()
#16 /var/www/wwallet/vendor/slim/slim/Slim/Middleware/RoutingMiddleware.php(45): Slim\Routing\RouteRunner->handle()
#17 /var/www/wwallet/vendor/slim/slim/Slim/MiddlewareDispatcher.php(129): Slim\Middleware\RoutingMiddleware->process()
#18 /var/www/wwallet/src/Http/Middlewares/NotFoundHandlerMiddleware.php(17): Psr\Http\Server\RequestHandlerInterface@anonymous->handle()
#19 /var/www/wwallet/vendor/slim/slim/Slim/MiddlewareDispatcher.php(177): App\Http\Middlewares\NotFoundHandlerMiddleware->process()
#20 /var/www/wwallet/src/Middlewares/ConnectionPoolMiddleware.php(15): Psr\Http\Server\RequestHandlerInterface@anonymous->handle()
#21 /var/www/wwallet/vendor/slim/slim/Slim/MiddlewareDispatcher.php(177): App\Middlewares\ConnectionPoolMiddleware->process()
#22 /var/www/wwallet/vendor/slim/slim/Slim/MiddlewareDispatcher.php(73): Psr\Http\Server\RequestHandlerInterface@anonymous->handle()
#23 /var/www/wwallet/vendor/slim/slim/Slim/App.php(209): Slim\MiddlewareDispatcher->handle()
#24 /var/www/wwallet/src/Commands/WebSocketServer.php(71): Slim\App->handle()
#25 [internal function]: App\Commands\WebSocketServer->App\Commands\{closure}()
#26 {main}

Next DI\DependencyException: Error while injecting dependencies into App\Http\Controllers\Api\User\DashboardController: No entry or class found for 'Swoole\Database\PDOPool' in /var/www/wwallet/vendor/php-di/php-di/src/Definition/Resolver/ObjectCreator.php:147
Stack trace:
#0 /var/www/wwallet/vendor/php-di/php-di/src/Definition/Resolver/ObjectCreator.php(71): DI\Definition\Resolver\ObjectCreator->createInstance()
#1 /var/www/wwallet/vendor/php-di/php-di/src/Definition/Resolver/ResolverDispatcher.php(71): DI\Definition\Resolver\ObjectCreator->resolve()
#2 /var/www/wwallet/vendor/php-di/php-di/src/Container.php(390): DI\Definition\Resolver\ResolverDispatcher->resolve()
#3 /var/www/wwallet/vendor/php-di/php-di/src/Container.php(139): DI\Container->resolveDefinition()
#4 /var/www/wwallet/vendor/slim/slim/Slim/CallableResolver.php(135): DI\Container->get()
#5 /var/www/wwallet/vendor/slim/slim/Slim/CallableResolver.php(97): Slim\CallableResolver->resolveSlimNotation()
#6 /var/www/wwallet/vendor/slim/slim/Slim/CallableResolver.php(70): Slim\CallableResolver->resolveByPredicate()
#7 /var/www/wwallet/vendor/slim/slim/Slim/Routing/Route.php(345): Slim\CallableResolver->resolveRoute()
#8 /var/www/wwallet/vendor/slim/slim/Slim/MiddlewareDispatcher.php(73): Slim\Routing\Route->handle()
#9 /var/www/wwallet/vendor/slim/slim/Slim/MiddlewareDispatcher.php(73): Slim\MiddlewareDispatcher->handle()
#10 /var/www/wwallet/vendor/slim/slim/Slim/Routing/Route.php(321): Slim\MiddlewareDispatcher->handle()
#11 /var/www/wwallet/vendor/slim/slim/Slim/Routing/RouteRunner.php(74): Slim\Routing\Route->run()
#12 /var/www/wwallet/vendor/slim/slim/Slim/Middleware/RoutingMiddleware.php(45): Slim\Routing\RouteRunner->handle()
#13 /var/www/wwallet/vendor/slim/slim/Slim/MiddlewareDispatcher.php(129): Slim\Middleware\RoutingMiddleware->process()
#14 /var/www/wwallet/src/Http/Middlewares/NotFoundHandlerMiddleware.php(17): Psr\Http\Server\RequestHandlerInterface@anonymous->handle()
#15 /var/www/wwallet/vendor/slim/slim/Slim/MiddlewareDispatcher.php(177): App\Http\Middlewares\NotFoundHandlerMiddleware->process()
#16 /var/www/wwallet/src/Middlewares/ConnectionPoolMiddleware.php(15): Psr\Http\Server\RequestHandlerInterface@anonymous->handle()
#17 /var/www/wwallet/vendor/slim/slim/Slim/MiddlewareDispatcher.php(177): App\Middlewares\ConnectionPoolMiddleware->process()
#18 /var/www/wwallet/vendor/slim/slim/Slim/MiddlewareDispatcher.php(73): Psr\Http\Server\RequestHandlerInterface@anonymous->handle()
#19 /var/www/wwallet/vendor/slim/slim/Slim/App.php(209): Slim\MiddlewareDispatcher->handle()
#20 /var/www/wwallet/src/Commands/WebSocketServer.php(71): Slim\App->handle()
#21 [internal function]: App\Commands\WebSocketServer->App\Commands\{closure}()
#22 {main}
  thrown in /var/www/wwallet/vendor/php-di/php-di/src/Definition/Resolver/ObjectCreator.php on line 147
Stack trace:
[No stack trace available]
Context: {"exception":{"type":1,"message":"Uncaught DI\\NotFoundException: No entry or class found for 'Swoole\\Database\\PDOPool' in /var/www/wwallet/vendor/php-di/php-di/src/Container.php:136
Stack trace:
#0 /var/www/wwallet/vendor/php-di/php-di/src/Definition/Reference.php(53): DI\\Container->get()
#1 /var/www/wwallet/vendor/php-di/php-di/src/Definition/Resolver/ResolverDispatcher.php(66): DI\\Definition\\Reference->resolve()
#2 /var/www/wwallet/vendor/php-di/php-di/src/Definition/Resolver/ParameterResolver.php(78): DI\\Definition\\Resolver\\ResolverDispatcher->resolve()
#3 /var/www/wwallet/vendor/php-di/php-di/src/Definition/Resolver/ObjectCreator.php(138): DI\\Definition\\Resolver\\ParameterResolver->resolveParameters()
#4 /var/www/wwallet/vendor/php-di/php-di/src/Definition/Resolver/ObjectCreator.php(71): DI\\Definition\\Resolver\\ObjectCreator->createInstance()
#5 /var/www/wwallet/vendor/php-di/php-di/src/Definition/Resolver/ResolverDispatcher.php(71): DI\\Definition\\Resolver\\ObjectCreator->resolve()
#6 /var/www/wwallet/vendor/php-di/php-di/src/Container.php(390): DI\\Definition\\Resolver\\ResolverDispatcher->resolve()
#7 /var/www/wwallet/vendor/php-di/php-di/src/Container.php(139): DI\\Container->resolveDefinition()
#8 /var/www/wwallet/vendor/slim/slim/Slim/CallableResolver.php(135): DI\\Container->get()
#9 /var/www/wwallet/vendor/slim/slim/Slim/CallableResolver.php(97): Slim\\CallableResolver->resolveSlimNotation()
#10 /var/www/wwallet/vendor/slim/slim/Slim/CallableResolver.php(70): Slim\\CallableResolver->resolveByPredicate()
#11 /var/www/wwallet/vendor/slim/slim/Slim/Routing/Route.php(345): Slim\\CallableResolver->resolveRoute()
#12 /var/www/wwallet/vendor/slim/slim/Slim/MiddlewareDispatcher.php(73): Slim\\Routing\\Route->handle()
#13 /var/www/wwallet/vendor/slim/slim/Slim/MiddlewareDispatcher.php(73): Slim\\MiddlewareDispatcher->handle()
#14 /var/www/wwallet/vendor/slim/slim/Slim/Routing/Route.php(321): Slim\\MiddlewareDispatcher->handle()
#15 /var/www/wwallet/vendor/slim/slim/Slim/Routing/RouteRunner.php(74): Slim\\Routing\\Route->run()
#16 /var/www/wwallet/vendor/slim/slim/Slim/Middleware/RoutingMiddleware.php(45): Slim\\Routing\\RouteRunner->handle()
#17 /var/www/wwallet/vendor/slim/slim/Slim/MiddlewareDispatcher.php(129): Slim\\Middleware\\RoutingMiddleware->process()
#18 /var/www/wwallet/src/Http/Middlewares/NotFoundHandlerMiddleware.php(17): Psr\\Http\\Server\\RequestHandlerInterface@anonymous->handle()
#19 /var/www/wwallet/vendor/slim/slim/Slim/MiddlewareDispatcher.php(177): App\\Http\\Middlewares\\NotFoundHandlerMiddleware->process()
#20 /var/www/wwallet/src/Middlewares/ConnectionPoolMiddleware.php(15): Psr\\Http\\Server\\RequestHandlerInterface@anonymous->handle()
#21 /var/www/wwallet/vendor/slim/slim/Slim/MiddlewareDispatcher.php(177): App\\Middlewares\\ConnectionPoolMiddleware->process()
#22 /var/www/wwallet/vendor/slim/slim/Slim/MiddlewareDispatcher.php(73): Psr\\Http\\Server\\RequestHandlerInterface@anonymous->handle()
#23 /var/www/wwallet/vendor/slim/slim/Slim/App.php(209): Slim\\MiddlewareDispatcher->handle()
#24 /var/www/wwallet/src/Commands/WebSocketServer.php(71): Slim\\App->handle()
#25 [internal function]: App\\Commands\\WebSocketServer->App\\Commands\\{closure}()
#26 {main}

Next DI\\DependencyException: Error while injecting dependencies into App\\Http\\Controllers\\Api\\User\\DashboardController: No entry or class found for 'Swoole\\Database\\PDOPool' in /var/www/wwallet/vendor/php-di/php-di/src/Definition/Resolver/ObjectCreator.php:147
Stack trace:
#0 /var/www/wwallet/vendor/php-di/php-di/src/Definition/Resolver/ObjectCreator.php(71): DI\\Definition\\Resolver\\ObjectCreator->createInstance()
#1 /var/www/wwallet/vendor/php-di/php-di/src/Definition/Resolver/ResolverDispatcher.php(71): DI\\Definition\\Resolver\\ObjectCreator->resolve()
#2 /var/www/wwallet/vendor/php-di/php-di/src/Container.php(390): DI\\Definition\\Resolver\\ResolverDispatcher->resolve()
#3 /var/www/wwallet/vendor/php-di/php-di/src/Container.php(139): DI\\Container->resolveDefinition()
#4 /var/www/wwallet/vendor/slim/slim/Slim/CallableResolver.php(135): DI\\Container->get()
#5 /var/www/wwallet/vendor/slim/slim/Slim/CallableResolver.php(97): Slim\\CallableResolver->resolveSlimNotation()
#6 /var/www/wwallet/vendor/slim/slim/Slim/CallableResolver.php(70): Slim\\CallableResolver->resolveByPredicate()
#7 /var/www/wwallet/vendor/slim/slim/Slim/Routing/Route.php(345): Slim\\CallableResolver->resolveRoute()
#8 /var/www/wwallet/vendor/slim/slim/Slim/MiddlewareDispatcher.php(73): Slim\\Routing\\Route->handle()
#9 /var/www/wwallet/vendor/slim/slim/Slim/MiddlewareDispatcher.php(73): Slim\\MiddlewareDispatcher->handle()
#10 /var/www/wwallet/vendor/slim/slim/Slim/Routing/Route.php(321): Slim\\MiddlewareDispatcher->handle()
#11 /var/www/wwallet/vendor/slim/slim/Slim/Routing/RouteRunner.php(74): Slim\\Routing\\Route->run()
#12 /var/www/wwallet/vendor/slim/slim/Slim/Middleware/RoutingMiddleware.php(45): Slim\\Routing\\RouteRunner->handle()
#13 /var/www/wwallet/vendor/slim/slim/Slim/MiddlewareDispatcher.php(129): Slim\\Middleware\\RoutingMiddleware->process()
#14 /var/www/wwallet/src/Http/Middlewares/NotFoundHandlerMiddleware.php(17): Psr\\Http\\Server\\RequestHandlerInterface@anonymous->handle()
#15 /var/www/wwallet/vendor/slim/slim/Slim/MiddlewareDispatcher.php(177): App\\Http\\Middlewares\\NotFoundHandlerMiddleware->process()
#16 /var/www/wwallet/src/Middlewares/ConnectionPoolMiddleware.php(15): Psr\\Http\\Server\\RequestHandlerInterface@anonymous->handle()
#17 /var/www/wwallet/vendor/slim/slim/Slim/MiddlewareDispatcher.php(177): App\\Middlewares\\ConnectionPoolMiddleware->process()
#18 /var/www/wwallet/vendor/slim/slim/Slim/MiddlewareDispatcher.php(73): Psr\\Http\\Server\\RequestHandlerInterface@anonymous->handle()
#19 /var/www/wwallet/vendor/slim/slim/Slim/App.php(209): Slim\\MiddlewareDispatcher->handle()
#20 /var/www/wwallet/src/Commands/WebSocketServer.php(71): Slim\\App->handle()
#21 [internal function]: App\\Commands\\WebSocketServer->App\\Commands\\{closure}()
#22 {main}
  thrown","file":"/var/www/wwallet/vendor/php-di/php-di/src/Definition/Resolver/ObjectCreator.php","line":147},"request":{"method":"N/A","uri":"N/A","headers":[],"body":""}}
Request: 
###############################################

[2024-08-24T04:59:17.467559+03:00] php_fatal_errors.ERROR:
Message: Fatal error: Uncaught DI\NotFoundException: No entry or class found for 'Swoole\Database\PDOPool' in /var/www/wwallet/vendor/php-di/php-di/src/Container.php:136
Stack trace:
#0 /var/www/wwallet/vendor/php-di/php-di/src/Definition/Reference.php(53): DI\Container->get()
#1 /var/www/wwallet/vendor/php-di/php-di/src/Definition/Resolver/ResolverDispatcher.php(66): DI\Definition\Reference->resolve()
#2 /var/www/wwallet/vendor/php-di/php-di/src/Definition/Resolver/ParameterResolver.php(78): DI\Definition\Resolver\ResolverDispatcher->resolve()
#3 /var/www/wwallet/vendor/php-di/php-di/src/Definition/Resolver/ObjectCreator.php(138): DI\Definition\Resolver\ParameterResolver->resolveParameters()
#4 /var/www/wwallet/vendor/php-di/php-di/src/Definition/Resolver/ObjectCreator.php(71): DI\Definition\Resolver\ObjectCreator->createInstance()
#5 /var/www/wwallet/vendor/php-di/php-di/src/Definition/Resolver/ResolverDispatcher.php(71): DI\Definition\Resolver\ObjectCreator->resolve()
#6 /var/www/wwallet/vendor/php-di/php-di/src/Container.php(390): DI\Definition\Resolver\ResolverDispatcher->resolve()
#7 /var/www/wwallet/vendor/php-di/php-di/src/Container.php(139): DI\Container->resolveDefinition()
#8 /var/www/wwallet/vendor/slim/slim/Slim/CallableResolver.php(135): DI\Container->get()
#9 /var/www/wwallet/vendor/slim/slim/Slim/CallableResolver.php(97): Slim\CallableResolver->resolveSlimNotation()
#10 /var/www/wwallet/vendor/slim/slim/Slim/CallableResolver.php(70): Slim\CallableResolver->resolveByPredicate()
#11 /var/www/wwallet/vendor/slim/slim/Slim/Routing/Route.php(345): Slim\CallableResolver->resolveRoute()
#12 /var/www/wwallet/vendor/slim/slim/Slim/MiddlewareDispatcher.php(73): Slim\Routing\Route->handle()
#13 /var/www/wwallet/vendor/slim/slim/Slim/MiddlewareDispatcher.php(73): Slim\MiddlewareDispatcher->handle()
#14 /var/www/wwallet/vendor/slim/slim/Slim/Routing/Route.php(321): Slim\MiddlewareDispatcher->handle()
#15 /var/www/wwallet/vendor/slim/slim/Slim/Routing/RouteRunner.php(74): Slim\Routing\Route->run()
#16 /var/www/wwallet/vendor/slim/slim/Slim/Middleware/RoutingMiddleware.php(45): Slim\Routing\RouteRunner->handle()
#17 /var/www/wwallet/vendor/slim/slim/Slim/MiddlewareDispatcher.php(129): Slim\Middleware\RoutingMiddleware->process()
#18 /var/www/wwallet/src/Http/Middlewares/NotFoundHandlerMiddleware.php(17): Psr\Http\Server\RequestHandlerInterface@anonymous->handle()
#19 /var/www/wwallet/vendor/slim/slim/Slim/MiddlewareDispatcher.php(177): App\Http\Middlewares\NotFoundHandlerMiddleware->process()
#20 /var/www/wwallet/src/Middlewares/ConnectionPoolMiddleware.php(15): Psr\Http\Server\RequestHandlerInterface@anonymous->handle()
#21 /var/www/wwallet/vendor/slim/slim/Slim/MiddlewareDispatcher.php(177): App\Middlewares\ConnectionPoolMiddleware->process()
#22 /var/www/wwallet/vendor/slim/slim/Slim/MiddlewareDispatcher.php(73): Psr\Http\Server\RequestHandlerInterface@anonymous->handle()
#23 /var/www/wwallet/vendor/slim/slim/Slim/App.php(209): Slim\MiddlewareDispatcher->handle()
#24 /var/www/wwallet/src/Commands/WebSocketServer.php(71): Slim\App->handle()
#25 [internal function]: App\Commands\WebSocketServer->App\Commands\{closure}()
#26 {main}

Next DI\DependencyException: Error while injecting dependencies into App\Http\Controllers\Api\User\DashboardController: No entry or class found for 'Swoole\Database\PDOPool' in /var/www/wwallet/vendor/php-di/php-di/src/Definition/Resolver/ObjectCreator.php:147
Stack trace:
#0 /var/www/wwallet/vendor/php-di/php-di/src/Definition/Resolver/ObjectCreator.php(71): DI\Definition\Resolver\ObjectCreator->createInstance()
#1 /var/www/wwallet/vendor/php-di/php-di/src/Definition/Resolver/ResolverDispatcher.php(71): DI\Definition\Resolver\ObjectCreator->resolve()
#2 /var/www/wwallet/vendor/php-di/php-di/src/Container.php(390): DI\Definition\Resolver\ResolverDispatcher->resolve()
#3 /var/www/wwallet/vendor/php-di/php-di/src/Container.php(139): DI\Container->resolveDefinition()
#4 /var/www/wwallet/vendor/slim/slim/Slim/CallableResolver.php(135): DI\Container->get()
#5 /var/www/wwallet/vendor/slim/slim/Slim/CallableResolver.php(97): Slim\CallableResolver->resolveSlimNotation()
#6 /var/www/wwallet/vendor/slim/slim/Slim/CallableResolver.php(70): Slim\CallableResolver->resolveByPredicate()
#7 /var/www/wwallet/vendor/slim/slim/Slim/Routing/Route.php(345): Slim\CallableResolver->resolveRoute()
#8 /var/www/wwallet/vendor/slim/slim/Slim/MiddlewareDispatcher.php(73): Slim\Routing\Route->handle()
#9 /var/www/wwallet/vendor/slim/slim/Slim/MiddlewareDispatcher.php(73): Slim\MiddlewareDispatcher->handle()
#10 /var/www/wwallet/vendor/slim/slim/Slim/Routing/Route.php(321): Slim\MiddlewareDispatcher->handle()
#11 /var/www/wwallet/vendor/slim/slim/Slim/Routing/RouteRunner.php(74): Slim\Routing\Route->run()
#12 /var/www/wwallet/vendor/slim/slim/Slim/Middleware/RoutingMiddleware.php(45): Slim\Routing\RouteRunner->handle()
#13 /var/www/wwallet/vendor/slim/slim/Slim/MiddlewareDispatcher.php(129): Slim\Middleware\RoutingMiddleware->process()
#14 /var/www/wwallet/src/Http/Middlewares/NotFoundHandlerMiddleware.php(17): Psr\Http\Server\RequestHandlerInterface@anonymous->handle()
#15 /var/www/wwallet/vendor/slim/slim/Slim/MiddlewareDispatcher.php(177): App\Http\Middlewares\NotFoundHandlerMiddleware->process()
#16 /var/www/wwallet/src/Middlewares/ConnectionPoolMiddleware.php(15): Psr\Http\Server\RequestHandlerInterface@anonymous->handle()
#17 /var/www/wwallet/vendor/slim/slim/Slim/MiddlewareDispatcher.php(177): App\Middlewares\ConnectionPoolMiddleware->process()
#18 /var/www/wwallet/vendor/slim/slim/Slim/MiddlewareDispatcher.php(73): Psr\Http\Server\RequestHandlerInterface@anonymous->handle()
#19 /var/www/wwallet/vendor/slim/slim/Slim/App.php(209): Slim\MiddlewareDispatcher->handle()
#20 /var/www/wwallet/src/Commands/WebSocketServer.php(71): Slim\App->handle()
#21 [internal function]: App\Commands\WebSocketServer->App\Commands\{closure}()
#22 {main}
  thrown in /var/www/wwallet/vendor/php-di/php-di/src/Definition/Resolver/ObjectCreator.php on line 147
Stack trace:
[No stack trace available]
Context: {"exception":{"type":1,"message":"Uncaught DI\\NotFoundException: No entry or class found for 'Swoole\\Database\\PDOPool' in /var/www/wwallet/vendor/php-di/php-di/src/Container.php:136
Stack trace:
#0 /var/www/wwallet/vendor/php-di/php-di/src/Definition/Reference.php(53): DI\\Container->get()
#1 /var/www/wwallet/vendor/php-di/php-di/src/Definition/Resolver/ResolverDispatcher.php(66): DI\\Definition\\Reference->resolve()
#2 /var/www/wwallet/vendor/php-di/php-di/src/Definition/Resolver/ParameterResolver.php(78): DI\\Definition\\Resolver\\ResolverDispatcher->resolve()
#3 /var/www/wwallet/vendor/php-di/php-di/src/Definition/Resolver/ObjectCreator.php(138): DI\\Definition\\Resolver\\ParameterResolver->resolveParameters()
#4 /var/www/wwallet/vendor/php-di/php-di/src/Definition/Resolver/ObjectCreator.php(71): DI\\Definition\\Resolver\\ObjectCreator->createInstance()
#5 /var/www/wwallet/vendor/php-di/php-di/src/Definition/Resolver/ResolverDispatcher.php(71): DI\\Definition\\Resolver\\ObjectCreator->resolve()
#6 /var/www/wwallet/vendor/php-di/php-di/src/Container.php(390): DI\\Definition\\Resolver\\ResolverDispatcher->resolve()
#7 /var/www/wwallet/vendor/php-di/php-di/src/Container.php(139): DI\\Container->resolveDefinition()
#8 /var/www/wwallet/vendor/slim/slim/Slim/CallableResolver.php(135): DI\\Container->get()
#9 /var/www/wwallet/vendor/slim/slim/Slim/CallableResolver.php(97): Slim\\CallableResolver->resolveSlimNotation()
#10 /var/www/wwallet/vendor/slim/slim/Slim/CallableResolver.php(70): Slim\\CallableResolver->resolveByPredicate()
#11 /var/www/wwallet/vendor/slim/slim/Slim/Routing/Route.php(345): Slim\\CallableResolver->resolveRoute()
#12 /var/www/wwallet/vendor/slim/slim/Slim/MiddlewareDispatcher.php(73): Slim\\Routing\\Route->handle()
#13 /var/www/wwallet/vendor/slim/slim/Slim/MiddlewareDispatcher.php(73): Slim\\MiddlewareDispatcher->handle()
#14 /var/www/wwallet/vendor/slim/slim/Slim/Routing/Route.php(321): Slim\\MiddlewareDispatcher->handle()
#15 /var/www/wwallet/vendor/slim/slim/Slim/Routing/RouteRunner.php(74): Slim\\Routing\\Route->run()
#16 /var/www/wwallet/vendor/slim/slim/Slim/Middleware/RoutingMiddleware.php(45): Slim\\Routing\\RouteRunner->handle()
#17 /var/www/wwallet/vendor/slim/slim/Slim/MiddlewareDispatcher.php(129): Slim\\Middleware\\RoutingMiddleware->process()
#18 /var/www/wwallet/src/Http/Middlewares/NotFoundHandlerMiddleware.php(17): Psr\\Http\\Server\\RequestHandlerInterface@anonymous->handle()
#19 /var/www/wwallet/vendor/slim/slim/Slim/MiddlewareDispatcher.php(177): App\\Http\\Middlewares\\NotFoundHandlerMiddleware->process()
#20 /var/www/wwallet/src/Middlewares/ConnectionPoolMiddleware.php(15): Psr\\Http\\Server\\RequestHandlerInterface@anonymous->handle()
#21 /var/www/wwallet/vendor/slim/slim/Slim/MiddlewareDispatcher.php(177): App\\Middlewares\\ConnectionPoolMiddleware->process()
#22 /var/www/wwallet/vendor/slim/slim/Slim/MiddlewareDispatcher.php(73): Psr\\Http\\Server\\RequestHandlerInterface@anonymous->handle()
#23 /var/www/wwallet/vendor/slim/slim/Slim/App.php(209): Slim\\MiddlewareDispatcher->handle()
#24 /var/www/wwallet/src/Commands/WebSocketServer.php(71): Slim\\App->handle()
#25 [internal function]: App\\Commands\\WebSocketServer->App\\Commands\\{closure}()
#26 {main}

Next DI\\DependencyException: Error while injecting dependencies into App\\Http\\Controllers\\Api\\User\\DashboardController: No entry or class found for 'Swoole\\Database\\PDOPool' in /var/www/wwallet/vendor/php-di/php-di/src/Definition/Resolver/ObjectCreator.php:147
Stack trace:
#0 /var/www/wwallet/vendor/php-di/php-di/src/Definition/Resolver/ObjectCreator.php(71): DI\\Definition\\Resolver\\ObjectCreator->createInstance()
#1 /var/www/wwallet/vendor/php-di/php-di/src/Definition/Resolver/ResolverDispatcher.php(71): DI\\Definition\\Resolver\\ObjectCreator->resolve()
#2 /var/www/wwallet/vendor/php-di/php-di/src/Container.php(390): DI\\Definition\\Resolver\\ResolverDispatcher->resolve()
#3 /var/www/wwallet/vendor/php-di/php-di/src/Container.php(139): DI\\Container->resolveDefinition()
#4 /var/www/wwallet/vendor/slim/slim/Slim/CallableResolver.php(135): DI\\Container->get()
#5 /var/www/wwallet/vendor/slim/slim/Slim/CallableResolver.php(97): Slim\\CallableResolver->resolveSlimNotation()
#6 /var/www/wwallet/vendor/slim/slim/Slim/CallableResolver.php(70): Slim\\CallableResolver->resolveByPredicate()
#7 /var/www/wwallet/vendor/slim/slim/Slim/Routing/Route.php(345): Slim\\CallableResolver->resolveRoute()
#8 /var/www/wwallet/vendor/slim/slim/Slim/MiddlewareDispatcher.php(73): Slim\\Routing\\Route->handle()
#9 /var/www/wwallet/vendor/slim/slim/Slim/MiddlewareDispatcher.php(73): Slim\\MiddlewareDispatcher->handle()
#10 /var/www/wwallet/vendor/slim/slim/Slim/Routing/Route.php(321): Slim\\MiddlewareDispatcher->handle()
#11 /var/www/wwallet/vendor/slim/slim/Slim/Routing/RouteRunner.php(74): Slim\\Routing\\Route->run()
#12 /var/www/wwallet/vendor/slim/slim/Slim/Middleware/RoutingMiddleware.php(45): Slim\\Routing\\RouteRunner->handle()
#13 /var/www/wwallet/vendor/slim/slim/Slim/MiddlewareDispatcher.php(129): Slim\\Middleware\\RoutingMiddleware->process()
#14 /var/www/wwallet/src/Http/Middlewares/NotFoundHandlerMiddleware.php(17): Psr\\Http\\Server\\RequestHandlerInterface@anonymous->handle()
#15 /var/www/wwallet/vendor/slim/slim/Slim/MiddlewareDispatcher.php(177): App\\Http\\Middlewares\\NotFoundHandlerMiddleware->process()
#16 /var/www/wwallet/src/Middlewares/ConnectionPoolMiddleware.php(15): Psr\\Http\\Server\\RequestHandlerInterface@anonymous->handle()
#17 /var/www/wwallet/vendor/slim/slim/Slim/MiddlewareDispatcher.php(177): App\\Middlewares\\ConnectionPoolMiddleware->process()
#18 /var/www/wwallet/vendor/slim/slim/Slim/MiddlewareDispatcher.php(73): Psr\\Http\\Server\\RequestHandlerInterface@anonymous->handle()
#19 /var/www/wwallet/vendor/slim/slim/Slim/App.php(209): Slim\\MiddlewareDispatcher->handle()
#20 /var/www/wwallet/src/Commands/WebSocketServer.php(71): Slim\\App->handle()
#21 [internal function]: App\\Commands\\WebSocketServer->App\\Commands\\{closure}()
#22 {main}
  thrown","file":"/var/www/wwallet/vendor/php-di/php-di/src/Definition/Resolver/ObjectCreator.php","line":147},"request":{"method":"N/A","uri":"N/A","headers":[],"body":""}}
Request: 
###############################################

[2024-08-24T05:00:17.512207+03:00] php_fatal_errors.ERROR:
Message: Fatal error: Uncaught DI\NotFoundException: No entry or class found for 'Swoole\Database\PDOPool' in /var/www/wwallet/vendor/php-di/php-di/src/Container.php:136
Stack trace:
#0 /var/www/wwallet/vendor/php-di/php-di/src/Definition/Reference.php(53): DI\Container->get()
#1 /var/www/wwallet/vendor/php-di/php-di/src/Definition/Resolver/ResolverDispatcher.php(66): DI\Definition\Reference->resolve()
#2 /var/www/wwallet/vendor/php-di/php-di/src/Definition/Resolver/ParameterResolver.php(78): DI\Definition\Resolver\ResolverDispatcher->resolve()
#3 /var/www/wwallet/vendor/php-di/php-di/src/Definition/Resolver/ObjectCreator.php(138): DI\Definition\Resolver\ParameterResolver->resolveParameters()
#4 /var/www/wwallet/vendor/php-di/php-di/src/Definition/Resolver/ObjectCreator.php(71): DI\Definition\Resolver\ObjectCreator->createInstance()
#5 /var/www/wwallet/vendor/php-di/php-di/src/Definition/Resolver/ResolverDispatcher.php(71): DI\Definition\Resolver\ObjectCreator->resolve()
#6 /var/www/wwallet/vendor/php-di/php-di/src/Container.php(390): DI\Definition\Resolver\ResolverDispatcher->resolve()
#7 /var/www/wwallet/vendor/php-di/php-di/src/Container.php(139): DI\Container->resolveDefinition()
#8 /var/www/wwallet/vendor/slim/slim/Slim/CallableResolver.php(135): DI\Container->get()
#9 /var/www/wwallet/vendor/slim/slim/Slim/CallableResolver.php(97): Slim\CallableResolver->resolveSlimNotation()
#10 /var/www/wwallet/vendor/slim/slim/Slim/CallableResolver.php(70): Slim\CallableResolver->resolveByPredicate()
#11 /var/www/wwallet/vendor/slim/slim/Slim/Routing/Route.php(345): Slim\CallableResolver->resolveRoute()
#12 /var/www/wwallet/vendor/slim/slim/Slim/MiddlewareDispatcher.php(73): Slim\Routing\Route->handle()
#13 /var/www/wwallet/vendor/slim/slim/Slim/MiddlewareDispatcher.php(73): Slim\MiddlewareDispatcher->handle()
#14 /var/www/wwallet/vendor/slim/slim/Slim/Routing/Route.php(321): Slim\MiddlewareDispatcher->handle()
#15 /var/www/wwallet/vendor/slim/slim/Slim/Routing/RouteRunner.php(74): Slim\Routing\Route->run()
#16 /var/www/wwallet/vendor/slim/slim/Slim/Middleware/RoutingMiddleware.php(45): Slim\Routing\RouteRunner->handle()
#17 /var/www/wwallet/vendor/slim/slim/Slim/MiddlewareDispatcher.php(129): Slim\Middleware\RoutingMiddleware->process()
#18 /var/www/wwallet/src/Http/Middlewares/NotFoundHandlerMiddleware.php(17): Psr\Http\Server\RequestHandlerInterface@anonymous->handle()
#19 /var/www/wwallet/vendor/slim/slim/Slim/MiddlewareDispatcher.php(177): App\Http\Middlewares\NotFoundHandlerMiddleware->process()
#20 /var/www/wwallet/src/Middlewares/ConnectionPoolMiddleware.php(15): Psr\Http\Server\RequestHandlerInterface@anonymous->handle()
#21 /var/www/wwallet/vendor/slim/slim/Slim/MiddlewareDispatcher.php(177): App\Middlewares\ConnectionPoolMiddleware->process()
#22 /var/www/wwallet/vendor/slim/slim/Slim/MiddlewareDispatcher.php(73): Psr\Http\Server\RequestHandlerInterface@anonymous->handle()
#23 /var/www/wwallet/vendor/slim/slim/Slim/App.php(209): Slim\MiddlewareDispatcher->handle()
#24 /var/www/wwallet/src/Commands/WebSocketServer.php(71): Slim\App->handle()
#25 [internal function]: App\Commands\WebSocketServer->App\Commands\{closure}()
#26 {main}

Next DI\DependencyException: Error while injecting dependencies into App\Http\Controllers\Api\User\DashboardController: No entry or class found for 'Swoole\Database\PDOPool' in /var/www/wwallet/vendor/php-di/php-di/src/Definition/Resolver/ObjectCreator.php:147
Stack trace:
#0 /var/www/wwallet/vendor/php-di/php-di/src/Definition/Resolver/ObjectCreator.php(71): DI\Definition\Resolver\ObjectCreator->createInstance()
#1 /var/www/wwallet/vendor/php-di/php-di/src/Definition/Resolver/ResolverDispatcher.php(71): DI\Definition\Resolver\ObjectCreator->resolve()
#2 /var/www/wwallet/vendor/php-di/php-di/src/Container.php(390): DI\Definition\Resolver\ResolverDispatcher->resolve()
#3 /var/www/wwallet/vendor/php-di/php-di/src/Container.php(139): DI\Container->resolveDefinition()
#4 /var/www/wwallet/vendor/slim/slim/Slim/CallableResolver.php(135): DI\Container->get()
#5 /var/www/wwallet/vendor/slim/slim/Slim/CallableResolver.php(97): Slim\CallableResolver->resolveSlimNotation()
#6 /var/www/wwallet/vendor/slim/slim/Slim/CallableResolver.php(70): Slim\CallableResolver->resolveByPredicate()
#7 /var/www/wwallet/vendor/slim/slim/Slim/Routing/Route.php(345): Slim\CallableResolver->resolveRoute()
#8 /var/www/wwallet/vendor/slim/slim/Slim/MiddlewareDispatcher.php(73): Slim\Routing\Route->handle()
#9 /var/www/wwallet/vendor/slim/slim/Slim/MiddlewareDispatcher.php(73): Slim\MiddlewareDispatcher->handle()
#10 /var/www/wwallet/vendor/slim/slim/Slim/Routing/Route.php(321): Slim\MiddlewareDispatcher->handle()
#11 /var/www/wwallet/vendor/slim/slim/Slim/Routing/RouteRunner.php(74): Slim\Routing\Route->run()
#12 /var/www/wwallet/vendor/slim/slim/Slim/Middleware/RoutingMiddleware.php(45): Slim\Routing\RouteRunner->handle()
#13 /var/www/wwallet/vendor/slim/slim/Slim/MiddlewareDispatcher.php(129): Slim\Middleware\RoutingMiddleware->process()
#14 /var/www/wwallet/src/Http/Middlewares/NotFoundHandlerMiddleware.php(17): Psr\Http\Server\RequestHandlerInterface@anonymous->handle()
#15 /var/www/wwallet/vendor/slim/slim/Slim/MiddlewareDispatcher.php(177): App\Http\Middlewares\NotFoundHandlerMiddleware->process()
#16 /var/www/wwallet/src/Middlewares/ConnectionPoolMiddleware.php(15): Psr\Http\Server\RequestHandlerInterface@anonymous->handle()
#17 /var/www/wwallet/vendor/slim/slim/Slim/MiddlewareDispatcher.php(177): App\Middlewares\ConnectionPoolMiddleware->process()
#18 /var/www/wwallet/vendor/slim/slim/Slim/MiddlewareDispatcher.php(73): Psr\Http\Server\RequestHandlerInterface@anonymous->handle()
#19 /var/www/wwallet/vendor/slim/slim/Slim/App.php(209): Slim\MiddlewareDispatcher->handle()
#20 /var/www/wwallet/src/Commands/WebSocketServer.php(71): Slim\App->handle()
#21 [internal function]: App\Commands\WebSocketServer->App\Commands\{closure}()
#22 {main}
  thrown in /var/www/wwallet/vendor/php-di/php-di/src/Definition/Resolver/ObjectCreator.php on line 147
Stack trace:
[No stack trace available]
Context: {"exception":{"type":1,"message":"Uncaught DI\\NotFoundException: No entry or class found for 'Swoole\\Database\\PDOPool' in /var/www/wwallet/vendor/php-di/php-di/src/Container.php:136
Stack trace:
#0 /var/www/wwallet/vendor/php-di/php-di/src/Definition/Reference.php(53): DI\\Container->get()
#1 /var/www/wwallet/vendor/php-di/php-di/src/Definition/Resolver/ResolverDispatcher.php(66): DI\\Definition\\Reference->resolve()
#2 /var/www/wwallet/vendor/php-di/php-di/src/Definition/Resolver/ParameterResolver.php(78): DI\\Definition\\Resolver\\ResolverDispatcher->resolve()
#3 /var/www/wwallet/vendor/php-di/php-di/src/Definition/Resolver/ObjectCreator.php(138): DI\\Definition\\Resolver\\ParameterResolver->resolveParameters()
#4 /var/www/wwallet/vendor/php-di/php-di/src/Definition/Resolver/ObjectCreator.php(71): DI\\Definition\\Resolver\\ObjectCreator->createInstance()
#5 /var/www/wwallet/vendor/php-di/php-di/src/Definition/Resolver/ResolverDispatcher.php(71): DI\\Definition\\Resolver\\ObjectCreator->resolve()
#6 /var/www/wwallet/vendor/php-di/php-di/src/Container.php(390): DI\\Definition\\Resolver\\ResolverDispatcher->resolve()
#7 /var/www/wwallet/vendor/php-di/php-di/src/Container.php(139): DI\\Container->resolveDefinition()
#8 /var/www/wwallet/vendor/slim/slim/Slim/CallableResolver.php(135): DI\\Container->get()
#9 /var/www/wwallet/vendor/slim/slim/Slim/CallableResolver.php(97): Slim\\CallableResolver->resolveSlimNotation()
#10 /var/www/wwallet/vendor/slim/slim/Slim/CallableResolver.php(70): Slim\\CallableResolver->resolveByPredicate()
#11 /var/www/wwallet/vendor/slim/slim/Slim/Routing/Route.php(345): Slim\\CallableResolver->resolveRoute()
#12 /var/www/wwallet/vendor/slim/slim/Slim/MiddlewareDispatcher.php(73): Slim\\Routing\\Route->handle()
#13 /var/www/wwallet/vendor/slim/slim/Slim/MiddlewareDispatcher.php(73): Slim\\MiddlewareDispatcher->handle()
#14 /var/www/wwallet/vendor/slim/slim/Slim/Routing/Route.php(321): Slim\\MiddlewareDispatcher->handle()
#15 /var/www/wwallet/vendor/slim/slim/Slim/Routing/RouteRunner.php(74): Slim\\Routing\\Route->run()
#16 /var/www/wwallet/vendor/slim/slim/Slim/Middleware/RoutingMiddleware.php(45): Slim\\Routing\\RouteRunner->handle()
#17 /var/www/wwallet/vendor/slim/slim/Slim/MiddlewareDispatcher.php(129): Slim\\Middleware\\RoutingMiddleware->process()
#18 /var/www/wwallet/src/Http/Middlewares/NotFoundHandlerMiddleware.php(17): Psr\\Http\\Server\\RequestHandlerInterface@anonymous->handle()
#19 /var/www/wwallet/vendor/slim/slim/Slim/MiddlewareDispatcher.php(177): App\\Http\\Middlewares\\NotFoundHandlerMiddleware->process()
#20 /var/www/wwallet/src/Middlewares/ConnectionPoolMiddleware.php(15): Psr\\Http\\Server\\RequestHandlerInterface@anonymous->handle()
#21 /var/www/wwallet/vendor/slim/slim/Slim/MiddlewareDispatcher.php(177): App\\Middlewares\\ConnectionPoolMiddleware->process()
#22 /var/www/wwallet/vendor/slim/slim/Slim/MiddlewareDispatcher.php(73): Psr\\Http\\Server\\RequestHandlerInterface@anonymous->handle()
#23 /var/www/wwallet/vendor/slim/slim/Slim/App.php(209): Slim\\MiddlewareDispatcher->handle()
#24 /var/www/wwallet/src/Commands/WebSocketServer.php(71): Slim\\App->handle()
#25 [internal function]: App\\Commands\\WebSocketServer->App\\Commands\\{closure}()
#26 {main}

Next DI\\DependencyException: Error while injecting dependencies into App\\Http\\Controllers\\Api\\User\\DashboardController: No entry or class found for 'Swoole\\Database\\PDOPool' in /var/www/wwallet/vendor/php-di/php-di/src/Definition/Resolver/ObjectCreator.php:147
Stack trace:
#0 /var/www/wwallet/vendor/php-di/php-di/src/Definition/Resolver/ObjectCreator.php(71): DI\\Definition\\Resolver\\ObjectCreator->createInstance()
#1 /var/www/wwallet/vendor/php-di/php-di/src/Definition/Resolver/ResolverDispatcher.php(71): DI\\Definition\\Resolver\\ObjectCreator->resolve()
#2 /var/www/wwallet/vendor/php-di/php-di/src/Container.php(390): DI\\Definition\\Resolver\\ResolverDispatcher->resolve()
#3 /var/www/wwallet/vendor/php-di/php-di/src/Container.php(139): DI\\Container->resolveDefinition()
#4 /var/www/wwallet/vendor/slim/slim/Slim/CallableResolver.php(135): DI\\Container->get()
#5 /var/www/wwallet/vendor/slim/slim/Slim/CallableResolver.php(97): Slim\\CallableResolver->resolveSlimNotation()
#6 /var/www/wwallet/vendor/slim/slim/Slim/CallableResolver.php(70): Slim\\CallableResolver->resolveByPredicate()
#7 /var/www/wwallet/vendor/slim/slim/Slim/Routing/Route.php(345): Slim\\CallableResolver->resolveRoute()
#8 /var/www/wwallet/vendor/slim/slim/Slim/MiddlewareDispatcher.php(73): Slim\\Routing\\Route->handle()
#9 /var/www/wwallet/vendor/slim/slim/Slim/MiddlewareDispatcher.php(73): Slim\\MiddlewareDispatcher->handle()
#10 /var/www/wwallet/vendor/slim/slim/Slim/Routing/Route.php(321): Slim\\MiddlewareDispatcher->handle()
#11 /var/www/wwallet/vendor/slim/slim/Slim/Routing/RouteRunner.php(74): Slim\\Routing\\Route->run()
#12 /var/www/wwallet/vendor/slim/slim/Slim/Middleware/RoutingMiddleware.php(45): Slim\\Routing\\RouteRunner->handle()
#13 /var/www/wwallet/vendor/slim/slim/Slim/MiddlewareDispatcher.php(129): Slim\\Middleware\\RoutingMiddleware->process()
#14 /var/www/wwallet/src/Http/Middlewares/NotFoundHandlerMiddleware.php(17): Psr\\Http\\Server\\RequestHandlerInterface@anonymous->handle()
#15 /var/www/wwallet/vendor/slim/slim/Slim/MiddlewareDispatcher.php(177): App\\Http\\Middlewares\\NotFoundHandlerMiddleware->process()
#16 /var/www/wwallet/src/Middlewares/ConnectionPoolMiddleware.php(15): Psr\\Http\\Server\\RequestHandlerInterface@anonymous->handle()
#17 /var/www/wwallet/vendor/slim/slim/Slim/MiddlewareDispatcher.php(177): App\\Middlewares\\ConnectionPoolMiddleware->process()
#18 /var/www/wwallet/vendor/slim/slim/Slim/MiddlewareDispatcher.php(73): Psr\\Http\\Server\\RequestHandlerInterface@anonymous->handle()
#19 /var/www/wwallet/vendor/slim/slim/Slim/App.php(209): Slim\\MiddlewareDispatcher->handle()
#20 /var/www/wwallet/src/Commands/WebSocketServer.php(71): Slim\\App->handle()
#21 [internal function]: App\\Commands\\WebSocketServer->App\\Commands\\{closure}()
#22 {main}
  thrown","file":"/var/www/wwallet/vendor/php-di/php-di/src/Definition/Resolver/ObjectCreator.php","line":147},"request":{"method":"N/A","uri":"N/A","headers":[],"body":""}}
Request: 
###############################################

[2024-08-24T05:02:14.532654+03:00] php_fatal_errors.ERROR:
Message: Fatal error: Uncaught DI\NotFoundException: No entry or class found for 'Swoole\Database\PDOPool' in /var/www/wwallet/vendor/php-di/php-di/src/Container.php:136
Stack trace:
#0 /var/www/wwallet/vendor/php-di/php-di/src/Definition/Reference.php(53): DI\Container->get()
#1 /var/www/wwallet/vendor/php-di/php-di/src/Definition/Resolver/ResolverDispatcher.php(66): DI\Definition\Reference->resolve()
#2 /var/www/wwallet/vendor/php-di/php-di/src/Definition/Resolver/ParameterResolver.php(78): DI\Definition\Resolver\ResolverDispatcher->resolve()
#3 /var/www/wwallet/vendor/php-di/php-di/src/Definition/Resolver/ObjectCreator.php(138): DI\Definition\Resolver\ParameterResolver->resolveParameters()
#4 /var/www/wwallet/vendor/php-di/php-di/src/Definition/Resolver/ObjectCreator.php(71): DI\Definition\Resolver\ObjectCreator->createInstance()
#5 /var/www/wwallet/vendor/php-di/php-di/src/Definition/Resolver/ResolverDispatcher.php(71): DI\Definition\Resolver\ObjectCreator->resolve()
#6 /var/www/wwallet/vendor/php-di/php-di/src/Container.php(390): DI\Definition\Resolver\ResolverDispatcher->resolve()
#7 /var/www/wwallet/vendor/php-di/php-di/src/Container.php(139): DI\Container->resolveDefinition()
#8 /var/www/wwallet/vendor/slim/slim/Slim/CallableResolver.php(135): DI\Container->get()
#9 /var/www/wwallet/vendor/slim/slim/Slim/CallableResolver.php(97): Slim\CallableResolver->resolveSlimNotation()
#10 /var/www/wwallet/vendor/slim/slim/Slim/CallableResolver.php(70): Slim\CallableResolver->resolveByPredicate()
#11 /var/www/wwallet/vendor/slim/slim/Slim/Routing/Route.php(345): Slim\CallableResolver->resolveRoute()
#12 /var/www/wwallet/vendor/slim/slim/Slim/MiddlewareDispatcher.php(73): Slim\Routing\Route->handle()
#13 /var/www/wwallet/vendor/slim/slim/Slim/MiddlewareDispatcher.php(73): Slim\MiddlewareDispatcher->handle()
#14 /var/www/wwallet/vendor/slim/slim/Slim/Routing/Route.php(321): Slim\MiddlewareDispatcher->handle()
#15 /var/www/wwallet/vendor/slim/slim/Slim/Routing/RouteRunner.php(74): Slim\Routing\Route->run()
#16 /var/www/wwallet/vendor/slim/slim/Slim/Middleware/RoutingMiddleware.php(45): Slim\Routing\RouteRunner->handle()
#17 /var/www/wwallet/vendor/slim/slim/Slim/MiddlewareDispatcher.php(129): Slim\Middleware\RoutingMiddleware->process()
#18 /var/www/wwallet/src/Http/Middlewares/NotFoundHandlerMiddleware.php(17): Psr\Http\Server\RequestHandlerInterface@anonymous->handle()
#19 /var/www/wwallet/vendor/slim/slim/Slim/MiddlewareDispatcher.php(177): App\Http\Middlewares\NotFoundHandlerMiddleware->process()
#20 /var/www/wwallet/src/Middlewares/ConnectionPoolMiddleware.php(15): Psr\Http\Server\RequestHandlerInterface@anonymous->handle()
#21 /var/www/wwallet/vendor/slim/slim/Slim/MiddlewareDispatcher.php(177): App\Middlewares\ConnectionPoolMiddleware->process()
#22 /var/www/wwallet/vendor/slim/slim/Slim/MiddlewareDispatcher.php(73): Psr\Http\Server\RequestHandlerInterface@anonymous->handle()
#23 /var/www/wwallet/vendor/slim/slim/Slim/App.php(209): Slim\MiddlewareDispatcher->handle()
#24 /var/www/wwallet/src/Commands/WebSocketServer.php(71): Slim\App->handle()
#25 [internal function]: App\Commands\WebSocketServer->App\Commands\{closure}()
#26 {main}

Next DI\DependencyException: Error while injecting dependencies into App\Http\Controllers\Api\User\DashboardController: No entry or class found for 'Swoole\Database\PDOPool' in /var/www/wwallet/vendor/php-di/php-di/src/Definition/Resolver/ObjectCreator.php:147
Stack trace:
#0 /var/www/wwallet/vendor/php-di/php-di/src/Definition/Resolver/ObjectCreator.php(71): DI\Definition\Resolver\ObjectCreator->createInstance()
#1 /var/www/wwallet/vendor/php-di/php-di/src/Definition/Resolver/ResolverDispatcher.php(71): DI\Definition\Resolver\ObjectCreator->resolve()
#2 /var/www/wwallet/vendor/php-di/php-di/src/Container.php(390): DI\Definition\Resolver\ResolverDispatcher->resolve()
#3 /var/www/wwallet/vendor/php-di/php-di/src/Container.php(139): DI\Container->resolveDefinition()
#4 /var/www/wwallet/vendor/slim/slim/Slim/CallableResolver.php(135): DI\Container->get()
#5 /var/www/wwallet/vendor/slim/slim/Slim/CallableResolver.php(97): Slim\CallableResolver->resolveSlimNotation()
#6 /var/www/wwallet/vendor/slim/slim/Slim/CallableResolver.php(70): Slim\CallableResolver->resolveByPredicate()
#7 /var/www/wwallet/vendor/slim/slim/Slim/Routing/Route.php(345): Slim\CallableResolver->resolveRoute()
#8 /var/www/wwallet/vendor/slim/slim/Slim/MiddlewareDispatcher.php(73): Slim\Routing\Route->handle()
#9 /var/www/wwallet/vendor/slim/slim/Slim/MiddlewareDispatcher.php(73): Slim\MiddlewareDispatcher->handle()
#10 /var/www/wwallet/vendor/slim/slim/Slim/Routing/Route.php(321): Slim\MiddlewareDispatcher->handle()
#11 /var/www/wwallet/vendor/slim/slim/Slim/Routing/RouteRunner.php(74): Slim\Routing\Route->run()
#12 /var/www/wwallet/vendor/slim/slim/Slim/Middleware/RoutingMiddleware.php(45): Slim\Routing\RouteRunner->handle()
#13 /var/www/wwallet/vendor/slim/slim/Slim/MiddlewareDispatcher.php(129): Slim\Middleware\RoutingMiddleware->process()
#14 /var/www/wwallet/src/Http/Middlewares/NotFoundHandlerMiddleware.php(17): Psr\Http\Server\RequestHandlerInterface@anonymous->handle()
#15 /var/www/wwallet/vendor/slim/slim/Slim/MiddlewareDispatcher.php(177): App\Http\Middlewares\NotFoundHandlerMiddleware->process()
#16 /var/www/wwallet/src/Middlewares/ConnectionPoolMiddleware.php(15): Psr\Http\Server\RequestHandlerInterface@anonymous->handle()
#17 /var/www/wwallet/vendor/slim/slim/Slim/MiddlewareDispatcher.php(177): App\Middlewares\ConnectionPoolMiddleware->process()
#18 /var/www/wwallet/vendor/slim/slim/Slim/MiddlewareDispatcher.php(73): Psr\Http\Server\RequestHandlerInterface@anonymous->handle()
#19 /var/www/wwallet/vendor/slim/slim/Slim/App.php(209): Slim\MiddlewareDispatcher->handle()
#20 /var/www/wwallet/src/Commands/WebSocketServer.php(71): Slim\App->handle()
#21 [internal function]: App\Commands\WebSocketServer->App\Commands\{closure}()
#22 {main}
  thrown in /var/www/wwallet/vendor/php-di/php-di/src/Definition/Resolver/ObjectCreator.php on line 147
###############################################

